<?xml version="1.0" encoding="UTF-8"?>
<!-- Generated by org.testng.reporters.JUnitReportReporter -->
<testsuite skipped="0" hostname="DESKTOP-A0C76M2" name="jenkinsLoginTest.jenkinsLoginTest" tests="3" failures="0" timestamp="23 мар 2018 17:50:14 GMT" time="3.741" errors="0">
  <testcase name="testLoginMainPage" time="0.730" classname="jenkinsLoginTest.jenkinsLoginTest"/>
  <testcase name="testLoginMainPage" time="2.224" classname="jenkinsLoginTest.jenkinsLoginTest"/>
  <testcase name="testLoginMainPage" time="0.787" classname="jenkinsLoginTest.jenkinsLoginTest"/>
</testsuite> <!-- jenkinsLoginTest.jenkinsLoginTest -->
